Using pre-set license
Built from '2021.3/staging' branch; Version is '2021.3.7f1 (24e8595d6d43) revision 2418777'; Using compiler version '192829333'; Build Type 'Release'
OS: 'Windows 10  (10.0.18363) 64bit ProfessionalWorkstation' Language: 'tr' Physical Memory: 8119 MB
BatchMode: 1, IsHumanControllingUs: 0, StartBugReporterOnCrash: 0, Is64bit: 1, IsPro: 1

COMMAND LINE ARGUMENTS:
C:\Program Files\Unity\Hub\Editor\2021.3.7f1\Editor\Unity.exe
-adb2
-batchMode
-noUpm
-name
AssetImportWorker0
-projectPath
D:/GitHub/TakeoverGame/TakeoverGame
-logFile
Logs/AssetImportWorker0.log
-srvPort
62203
Successfully changed project path to: D:/GitHub/TakeoverGame/TakeoverGame
D:/GitHub/TakeoverGame/TakeoverGame
[UnityMemory] Configuration Parameters - Can be set up in boot.config
    "memorysetup-bucket-allocator-granularity=16"
    "memorysetup-bucket-allocator-bucket-count=8"
    "memorysetup-bucket-allocator-block-size=33554432"
    "memorysetup-bucket-allocator-block-count=8"
    "memorysetup-main-allocator-block-size=16777216"
    "memorysetup-thread-allocator-block-size=16777216"
    "memorysetup-gfx-main-allocator-block-size=16777216"
    "memorysetup-gfx-thread-allocator-block-size=16777216"
    "memorysetup-cache-allocator-block-size=4194304"
    "memorysetup-typetree-allocator-block-size=2097152"
    "memorysetup-profiler-bucket-allocator-granularity=16"
    "memorysetup-profiler-bucket-allocator-bucket-count=8"
    "memorysetup-profiler-bucket-allocator-block-size=33554432"
    "memorysetup-profiler-bucket-allocator-block-count=8"
    "memorysetup-profiler-allocator-block-size=16777216"
    "memorysetup-profiler-editor-allocator-block-size=1048576"
    "memorysetup-temp-allocator-size-main=16777216"
    "memorysetup-job-temp-allocator-block-size=2097152"
    "memorysetup-job-temp-allocator-block-size-background=1048576"
    "memorysetup-job-temp-allocator-reduction-small-platforms=262144"
    "memorysetup-temp-allocator-size-background-worker=32768"
    "memorysetup-temp-allocator-size-job-worker=262144"
    "memorysetup-temp-allocator-size-preload-manager=33554432"
    "memorysetup-temp-allocator-size-nav-mesh-worker=65536"
    "memorysetup-temp-allocator-size-audio-worker=65536"
    "memorysetup-temp-allocator-size-cloud-worker=32768"
    "memorysetup-temp-allocator-size-gi-baking-worker=262144"
    "memorysetup-temp-allocator-size-gfx=262144"
Refreshing native plugins compatible for Editor in 144.98 ms, found 3 plugins.
Preloading 0 native plugins for Editor in 0.00 ms.
Initialize engine version: 2021.3.7f1 (24e8595d6d43)
[Subsystems] Discovering subsystems at path C:/Program Files/Unity/Hub/Editor/2021.3.7f1/Editor/Data/Resources/UnitySubsystems
[Subsystems] Discovering subsystems at path D:/GitHub/TakeoverGame/TakeoverGame/Assets
GfxDevice: creating device client; threaded=0; jobified=0
Direct3D:
    Version:  Direct3D 11.0 [level 11.0]
    Renderer: NVIDIA GeForce GT 745M (ID=0xfe3)
    Vendor:   NVIDIA
    VRAM:     4054 MB
    Driver:   25.21.14.2531
Initialize mono
Mono path[0] = 'C:/Program Files/Unity/Hub/Editor/2021.3.7f1/Editor/Data/Managed'
Mono path[1] = 'C:/Program Files/Unity/Hub/Editor/2021.3.7f1/Editor/Data/MonoBleedingEdge/lib/mono/unityjit-win32'
Mono config path = 'C:/Program Files/Unity/Hub/Editor/2021.3.7f1/Editor/Data/MonoBleedingEdge/etc'
Using monoOptions --debugger-agent=transport=dt_socket,embedding=1,server=y,suspend=n,address=127.0.0.1:56940
Begin MonoManager ReloadAssembly
Registering precompiled unity dll's ...
Register platform support module: C:/Program Files/Unity/Hub/Editor/2021.3.7f1/Editor/Data/PlaybackEngines/WebGLSupport/UnityEditor.WebGL.Extensions.dll
Register platform support module: C:/Program Files/Unity/Hub/Editor/2021.3.7f1/Editor/Data/PlaybackEngines/AndroidPlayer/UnityEditor.Android.Extensions.dll
Register platform support module: C:/Program Files/Unity/Hub/Editor/2021.3.7f1/Editor/Data/PlaybackEngines/WindowsStandaloneSupport/UnityEditor.WindowsStandalone.Extensions.dll
Registered in 0.024844 seconds.
Native extension for WindowsStandalone target not found
Native extension for Android target not found
Native extension for WebGL target not found
Refreshing native plugins compatible for Editor in 140.10 ms, found 3 plugins.
Preloading 0 native plugins for Editor in 0.00 ms.
Mono: successfully reloaded assembly
- Completed reload, in  1.275 seconds
Domain Reload Profiling:
	ReloadAssembly (1276ms)
		BeginReloadAssembly (177ms)
			ExecutionOrderSort (0ms)
			DisableScriptedObjects (0ms)
			BackupInstance (0ms)
			ReleaseScriptingObjects (0ms)
			CreateAndSetChildDomain (1ms)
		EndReloadAssembly (856ms)
			LoadAssemblies (164ms)
			RebuildTransferFunctionScriptingTraits (0ms)
			SetupTypeCache (193ms)
			ReleaseScriptCaches (0ms)
			RebuildScriptCaches (51ms)
			SetupLoadedEditorAssemblies (502ms)
				LogAssemblyErrors (0ms)
				InitializePlatformSupportModulesInManaged (106ms)
				SetLoadedEditorAssemblies (0ms)
				RefreshPlugins (140ms)
				BeforeProcessingInitializeOnLoad (2ms)
				ProcessInitializeOnLoadAttributes (165ms)
				ProcessInitializeOnLoadMethodAttributes (88ms)
				AfterProcessingInitializeOnLoad (0ms)
				EditorAssembliesLoaded (0ms)
			ExecutionOrderSort2 (0ms)
			AwakeInstancesAfterBackupRestoration (0ms)
Platform modules already initialized, skipping
Registering precompiled user dll's ...
Registered in 0.024253 seconds.
Begin MonoManager ReloadAssembly
Symbol file LoadedFromMemory doesn't match image D:\GitHub\TakeoverGame\TakeoverGame\Library\PackageCache\com.unity.visualscripting@1.7.8\Editor\VisualScripting.Core\Dependencies\YamlDotNet\Unity.VisualScripting.YamlDotNet.dll
Symbol file LoadedFromMemory doesn't match image D:\GitHub\TakeoverGame\TakeoverGame\Library\PackageCache\com.unity.visualscripting@1.7.8\Editor\VisualScripting.Core\Dependencies\DotNetZip\Unity.VisualScripting.IonicZip.dll
Native extension for WindowsStandalone target not found
Native extension for Android target not found
Native extension for WebGL target not found
Refreshing native plugins compatible for Editor in 0.94 ms, found 3 plugins.
Preloading 0 native plugins for Editor in 0.00 ms.
Mono: successfully reloaded assembly
- Completed reload, in  2.071 seconds
Domain Reload Profiling:
	ReloadAssembly (2072ms)
		BeginReloadAssembly (328ms)
			ExecutionOrderSort (0ms)
			DisableScriptedObjects (10ms)
			BackupInstance (0ms)
			ReleaseScriptingObjects (0ms)
			CreateAndSetChildDomain (132ms)
		EndReloadAssembly (1502ms)
			LoadAssemblies (199ms)
			RebuildTransferFunctionScriptingTraits (0ms)
			SetupTypeCache (462ms)
			ReleaseScriptCaches (1ms)
			RebuildScriptCaches (83ms)
			SetupLoadedEditorAssemblies (685ms)
				LogAssemblyErrors (0ms)
				InitializePlatformSupportModulesInManaged (31ms)
				SetLoadedEditorAssemblies (1ms)
				RefreshPlugins (1ms)
				BeforeProcessingInitializeOnLoad (169ms)
				ProcessInitializeOnLoadAttributes (381ms)
				ProcessInitializeOnLoadMethodAttributes (65ms)
				AfterProcessingInitializeOnLoad (37ms)
				EditorAssembliesLoaded (0ms)
			ExecutionOrderSort2 (0ms)
			AwakeInstancesAfterBackupRestoration (11ms)
Platform modules already initialized, skipping
========================================================================
Worker process is ready to serve import requests
Launched and connected shader compiler UnityShaderCompiler.exe after 0.06 seconds
Refreshing native plugins compatible for Editor in 0.83 ms, found 3 plugins.
Preloading 0 native plugins for Editor in 0.00 ms.
Unloading 3398 Unused Serialized files (Serialized files now loaded: 0)
Unloading 27 unused Assets / (111.0 KB). Loaded Objects now: 3860.
Memory consumption went from 118.9 MB to 118.8 MB.
Total: 4.584400 ms (FindLiveObjects: 0.424800 ms CreateObjectMapping: 0.217700 ms MarkObjects: 3.777900 ms  DeleteObjects: 0.163000 ms)

AssetImportParameters requested are different than current active one (requested -> active):
  custom:video-decoder-ogg-theora: a1e56fd34408186e4bbccfd4996cb3dc -> 
  custom:container-muxer-webm: aa71ff27fc2769a1b78a27578f13a17b -> 
  custom:container-demuxer-webm: 4f35f7cbe854078d1ac9338744f61a02 -> 
  custom:video-encoder-webm-vp8: eb34c28f22e8b96e1ab97ce403110664 -> 
  custom:audio-encoder-webm-vorbis: bf7c407c2cedff20999df2af8eb42d56 -> 
  custom:framework-win-MediaFoundation: 216162199b28c13a410421893ffa2e32 -> 
  custom:container-demuxer-ogg: 62fdf1f143b41e24485cea50d1cbac27 -> 
  custom:video-decoder-webm-vp8: 9c59270c3fd7afecdb556c50c9e8de78 -> 
  custom:audio-decoder-ogg-vorbis: bf7c407c2cedff20999df2af8eb42d56 -> 
========================================================================
Received Import Request.
  Time since last request: 335656.160181 seconds.
  path: Assets/Prefabs/Tower/OppositeTower.prefab
  artifactKey: Guid(1968d49d2b71a0342b191f5dfe5bc654) Importer(815301076,1909f56bfc062723c751e8b465ee728b)
Start importing Assets/Prefabs/Tower/OppositeTower.prefab using Guid(1968d49d2b71a0342b191f5dfe5bc654) Importer(815301076,1909f56bfc062723c751e8b465ee728b)  -> (artifact id: 'f9f0c9a021a05844c78e43e60fe3e70a') in 0.638072 seconds 
========================================================================
Received Import Request.
  Time since last request: 62.890328 seconds.
  path: Assets/Prefabs/Tower/AlliedTower.prefab
  artifactKey: Guid(6ba58a1d188d6534a85696b6438db9ec) Importer(815301076,1909f56bfc062723c751e8b465ee728b)
Start importing Assets/Prefabs/Tower/AlliedTower.prefab using Guid(6ba58a1d188d6534a85696b6438db9ec) Importer(815301076,1909f56bfc062723c751e8b465ee728b)  -> (artifact id: 'd8015f4c5878aba581e2db937c465d2a') in 0.066054 seconds 
========================================================================
Received Import Request.
  Time since last request: 13.368515 seconds.
  path: Assets/Prefabs/Tower/AlliedTower.prefab
  artifactKey: Guid(6ba58a1d188d6534a85696b6438db9ec) Importer(815301076,1909f56bfc062723c751e8b465ee728b)
Start importing Assets/Prefabs/Tower/AlliedTower.prefab using Guid(6ba58a1d188d6534a85696b6438db9ec) Importer(815301076,1909f56bfc062723c751e8b465ee728b)  -> (artifact id: '5cbcc804f4c8b2d2108c9bb664906393') in 0.061839 seconds 
========================================================================
Received Import Request.
  Time since last request: 8.431998 seconds.
  path: Assets/Prefabs/Tower/AlliedTower.prefab
  artifactKey: Guid(6ba58a1d188d6534a85696b6438db9ec) Importer(815301076,1909f56bfc062723c751e8b465ee728b)
Start importing Assets/Prefabs/Tower/AlliedTower.prefab using Guid(6ba58a1d188d6534a85696b6438db9ec) Importer(815301076,1909f56bfc062723c751e8b465ee728b)  -> (artifact id: '5b6b8b8703c244d985e1ff7f5553454a') in 0.060312 seconds 
========================================================================
Received Import Request.
  Time since last request: 3.193322 seconds.
  path: Assets/Prefabs/Tower/AlliedTower.prefab
  artifactKey: Guid(6ba58a1d188d6534a85696b6438db9ec) Importer(815301076,1909f56bfc062723c751e8b465ee728b)
Start importing Assets/Prefabs/Tower/AlliedTower.prefab using Guid(6ba58a1d188d6534a85696b6438db9ec) Importer(815301076,1909f56bfc062723c751e8b465ee728b)  -> (artifact id: '7aa3b94b6babad53b987708d73028cd3') in 0.056467 seconds 
========================================================================
Received Import Request.
  Time since last request: 1.966399 seconds.
  path: Assets/Prefabs/Tower/AlliedTower.prefab
  artifactKey: Guid(6ba58a1d188d6534a85696b6438db9ec) Importer(815301076,1909f56bfc062723c751e8b465ee728b)
Start importing Assets/Prefabs/Tower/AlliedTower.prefab using Guid(6ba58a1d188d6534a85696b6438db9ec) Importer(815301076,1909f56bfc062723c751e8b465ee728b)  -> (artifact id: '40216eeaa07f899a7b70313b7d732e14') in 0.060273 seconds 
========================================================================
Received Import Request.
  Time since last request: 1.565063 seconds.
  path: Assets/Prefabs/Tower/AlliedTower.prefab
  artifactKey: Guid(6ba58a1d188d6534a85696b6438db9ec) Importer(815301076,1909f56bfc062723c751e8b465ee728b)
Start importing Assets/Prefabs/Tower/AlliedTower.prefab using Guid(6ba58a1d188d6534a85696b6438db9ec) Importer(815301076,1909f56bfc062723c751e8b465ee728b)  -> (artifact id: 'd83f7cd681ee1c810b624db58df83587') in 0.058455 seconds 
========================================================================
Received Import Request.
  Time since last request: 1.386337 seconds.
  path: Assets/Prefabs/Tower/AlliedTower.prefab
  artifactKey: Guid(6ba58a1d188d6534a85696b6438db9ec) Importer(815301076,1909f56bfc062723c751e8b465ee728b)
Start importing Assets/Prefabs/Tower/AlliedTower.prefab using Guid(6ba58a1d188d6534a85696b6438db9ec) Importer(815301076,1909f56bfc062723c751e8b465ee728b)  -> (artifact id: '632e48ef47003b0c74490e086a165677') in 0.055286 seconds 
========================================================================
Received Import Request.
  Time since last request: 3.391712 seconds.
  path: Assets/Prefabs/Tower/AlliedTower.prefab
  artifactKey: Guid(6ba58a1d188d6534a85696b6438db9ec) Importer(815301076,1909f56bfc062723c751e8b465ee728b)
Start importing Assets/Prefabs/Tower/AlliedTower.prefab using Guid(6ba58a1d188d6534a85696b6438db9ec) Importer(815301076,1909f56bfc062723c751e8b465ee728b)  -> (artifact id: 'd495bb0a134fa07a3c0d0bdff37e6c2a') in 0.073380 seconds 
========================================================================
Received Import Request.
  Time since last request: 36.587111 seconds.
  path: Assets/Prefabs/Tower/NeutralTower.prefab
  artifactKey: Guid(6c6d7c2e77f67d441a544d25af6988d9) Importer(815301076,1909f56bfc062723c751e8b465ee728b)
Start importing Assets/Prefabs/Tower/NeutralTower.prefab using Guid(6c6d7c2e77f67d441a544d25af6988d9) Importer(815301076,1909f56bfc062723c751e8b465ee728b)  -> (artifact id: '2085ec52cfa30a20a1e51cb0361b1d8b') in 0.069146 seconds 
========================================================================
Received Import Request.
  Time since last request: 2.961217 seconds.
  path: Assets/Prefabs/Tower/NeutralTower.prefab
  artifactKey: Guid(6c6d7c2e77f67d441a544d25af6988d9) Importer(815301076,1909f56bfc062723c751e8b465ee728b)
Start importing Assets/Prefabs/Tower/NeutralTower.prefab using Guid(6c6d7c2e77f67d441a544d25af6988d9) Importer(815301076,1909f56bfc062723c751e8b465ee728b)  -> (artifact id: 'be15a8707f5c8e103f9472fa02271edc') in 0.058678 seconds 
========================================================================
Received Import Request.
  Time since last request: 4.185583 seconds.
  path: Assets/Prefabs/Tower/OppositeTower.prefab
  artifactKey: Guid(1968d49d2b71a0342b191f5dfe5bc654) Importer(815301076,1909f56bfc062723c751e8b465ee728b)
Start importing Assets/Prefabs/Tower/OppositeTower.prefab using Guid(1968d49d2b71a0342b191f5dfe5bc654) Importer(815301076,1909f56bfc062723c751e8b465ee728b)  -> (artifact id: '48c1e8592c61b41f951f2afc2e7bb6ab') in 0.057910 seconds 
========================================================================
Received Import Request.
  Time since last request: 1.794959 seconds.
  path: Assets/Prefabs/Tower/OppositeTower.prefab
  artifactKey: Guid(1968d49d2b71a0342b191f5dfe5bc654) Importer(815301076,1909f56bfc062723c751e8b465ee728b)
Start importing Assets/Prefabs/Tower/OppositeTower.prefab using Guid(1968d49d2b71a0342b191f5dfe5bc654) Importer(815301076,1909f56bfc062723c751e8b465ee728b)  -> (artifact id: '5640910b104c95f18981a76074594cb7') in 0.059480 seconds 
========================================================================
Received Prepare
Registering precompiled user dll's ...
Registered in 0.022511 seconds.
Begin MonoManager ReloadAssembly
Symbol file LoadedFromMemory doesn't match image D:\GitHub\TakeoverGame\TakeoverGame\Library\PackageCache\com.unity.visualscripting@1.7.8\Editor\VisualScripting.Core\Dependencies\YamlDotNet\Unity.VisualScripting.YamlDotNet.dll
Symbol file LoadedFromMemory doesn't match image D:\GitHub\TakeoverGame\TakeoverGame\Library\PackageCache\com.unity.visualscripting@1.7.8\Editor\VisualScripting.Core\Dependencies\DotNetZip\Unity.VisualScripting.IonicZip.dll
Native extension for WindowsStandalone target not found
Native extension for Android target not found
Native extension for WebGL target not found
Refreshing native plugins compatible for Editor in 0.84 ms, found 3 plugins.
Preloading 0 native plugins for Editor in 0.00 ms.
Mono: successfully reloaded assembly
- Completed reload, in  1.961 seconds
Domain Reload Profiling:
	ReloadAssembly (1962ms)
		BeginReloadAssembly (272ms)
			ExecutionOrderSort (0ms)
			DisableScriptedObjects (9ms)
			BackupInstance (0ms)
			ReleaseScriptingObjects (0ms)
			CreateAndSetChildDomain (61ms)
		EndReloadAssembly (1449ms)
			LoadAssemblies (196ms)
			RebuildTransferFunctionScriptingTraits (0ms)
			SetupTypeCache (491ms)
			ReleaseScriptCaches (2ms)
			RebuildScriptCaches (65ms)
			SetupLoadedEditorAssemblies (624ms)
				LogAssemblyErrors (0ms)
				InitializePlatformSupportModulesInManaged (45ms)
				SetLoadedEditorAssemblies (1ms)
				RefreshPlugins (1ms)
				BeforeProcessingInitializeOnLoad (138ms)
				ProcessInitializeOnLoadAttributes (352ms)
				ProcessInitializeOnLoadMethodAttributes (45ms)
				AfterProcessingInitializeOnLoad (41ms)
				EditorAssembliesLoaded (0ms)
			ExecutionOrderSort2 (0ms)
			AwakeInstancesAfterBackupRestoration (11ms)
Platform modules already initialized, skipping
Refreshing native plugins compatible for Editor in 6.23 ms, found 3 plugins.
Preloading 0 native plugins for Editor in 0.00 ms.
Unloading 3380 Unused Serialized files (Serialized files now loaded: 0)
Unloading 21 unused Assets / (79.6 KB). Loaded Objects now: 3872.
Memory consumption went from 122.1 MB to 122.0 MB.
Total: 6.528200 ms (FindLiveObjects: 0.443600 ms CreateObjectMapping: 0.451300 ms MarkObjects: 5.496700 ms  DeleteObjects: 0.135300 ms)

AssetImportParameters requested are different than current active one (requested -> active):
  custom:video-decoder-ogg-theora: a1e56fd34408186e4bbccfd4996cb3dc -> 
  custom:container-muxer-webm: aa71ff27fc2769a1b78a27578f13a17b -> 
  custom:container-demuxer-webm: 4f35f7cbe854078d1ac9338744f61a02 -> 
  custom:video-encoder-webm-vp8: eb34c28f22e8b96e1ab97ce403110664 -> 
  custom:audio-encoder-webm-vorbis: bf7c407c2cedff20999df2af8eb42d56 -> 
  custom:framework-win-MediaFoundation: 216162199b28c13a410421893ffa2e32 -> 
  custom:container-demuxer-ogg: 62fdf1f143b41e24485cea50d1cbac27 -> 
  custom:video-decoder-webm-vp8: 9c59270c3fd7afecdb556c50c9e8de78 -> 
  custom:audio-decoder-ogg-vorbis: bf7c407c2cedff20999df2af8eb42d56 -> 
========================================================================
Received Import Request.
  Time since last request: 33.182957 seconds.
  path: Assets/Prefabs/Tower/AlliedTower.prefab
  artifactKey: Guid(6ba58a1d188d6534a85696b6438db9ec) Importer(815301076,1909f56bfc062723c751e8b465ee728b)
Start importing Assets/Prefabs/Tower/AlliedTower.prefab using Guid(6ba58a1d188d6534a85696b6438db9ec) Importer(815301076,1909f56bfc062723c751e8b465ee728b)  -> (artifact id: '53c430668343bea41f104c025e012d10') in 0.201530 seconds 
========================================================================
Received Import Request.
  Time since last request: 3.789288 seconds.
  path: Assets/Prefabs/Tower/AlliedTower.prefab
  artifactKey: Guid(6ba58a1d188d6534a85696b6438db9ec) Importer(815301076,1909f56bfc062723c751e8b465ee728b)
Start importing Assets/Prefabs/Tower/AlliedTower.prefab using Guid(6ba58a1d188d6534a85696b6438db9ec) Importer(815301076,1909f56bfc062723c751e8b465ee728b)  -> (artifact id: '9a941467df7bcd9bfbaf68d23073151c') in 0.056009 seconds 
========================================================================
Received Import Request.
  Time since last request: 1.595218 seconds.
  path: Assets/Prefabs/Tower/AlliedTower.prefab
  artifactKey: Guid(6ba58a1d188d6534a85696b6438db9ec) Importer(815301076,1909f56bfc062723c751e8b465ee728b)
Start importing Assets/Prefabs/Tower/AlliedTower.prefab using Guid(6ba58a1d188d6534a85696b6438db9ec) Importer(815301076,1909f56bfc062723c751e8b465ee728b)  -> (artifact id: 'cd2dbddeeca73da06f9cbc637bdbec71') in 0.057317 seconds 
========================================================================
Received Import Request.
  Time since last request: 1.561440 seconds.
  path: Assets/Prefabs/Tower/AlliedTower.prefab
  artifactKey: Guid(6ba58a1d188d6534a85696b6438db9ec) Importer(815301076,1909f56bfc062723c751e8b465ee728b)
Start importing Assets/Prefabs/Tower/AlliedTower.prefab using Guid(6ba58a1d188d6534a85696b6438db9ec) Importer(815301076,1909f56bfc062723c751e8b465ee728b)  -> (artifact id: 'bc2e4b61413f376a8c2962145e354ae3') in 0.057954 seconds 
========================================================================
Received Import Request.
  Time since last request: 13.366084 seconds.
  path: Assets/Prefabs/Tower/NeutralTower.prefab
  artifactKey: Guid(6c6d7c2e77f67d441a544d25af6988d9) Importer(815301076,1909f56bfc062723c751e8b465ee728b)
Start importing Assets/Prefabs/Tower/NeutralTower.prefab using Guid(6c6d7c2e77f67d441a544d25af6988d9) Importer(815301076,1909f56bfc062723c751e8b465ee728b)  -> (artifact id: 'fb0c824a5caf7bb0d8da57b0018ce8ca') in 0.060087 seconds 
========================================================================
Received Import Request.
  Time since last request: 2.907503 seconds.
  path: Assets/Prefabs/Tower/OppositeTower.prefab
  artifactKey: Guid(1968d49d2b71a0342b191f5dfe5bc654) Importer(815301076,1909f56bfc062723c751e8b465ee728b)
Start importing Assets/Prefabs/Tower/OppositeTower.prefab using Guid(1968d49d2b71a0342b191f5dfe5bc654) Importer(815301076,1909f56bfc062723c751e8b465ee728b)  -> (artifact id: '315363f7611b9e24817dcca20257304e') in 0.057771 seconds 
========================================================================
Received Prepare
Registering precompiled user dll's ...
Registered in 0.021741 seconds.
Begin MonoManager ReloadAssembly
Symbol file LoadedFromMemory doesn't match image D:\GitHub\TakeoverGame\TakeoverGame\Library\PackageCache\com.unity.visualscripting@1.7.8\Editor\VisualScripting.Core\Dependencies\YamlDotNet\Unity.VisualScripting.YamlDotNet.dll
Symbol file LoadedFromMemory doesn't match image D:\GitHub\TakeoverGame\TakeoverGame\Library\PackageCache\com.unity.visualscripting@1.7.8\Editor\VisualScripting.Core\Dependencies\DotNetZip\Unity.VisualScripting.IonicZip.dll
Native extension for WindowsStandalone target not found
Native extension for Android target not found
Native extension for WebGL target not found
Refreshing native plugins compatible for Editor in 0.89 ms, found 3 plugins.
Preloading 0 native plugins for Editor in 0.00 ms.
Mono: successfully reloaded assembly
- Completed reload, in  2.309 seconds
Domain Reload Profiling:
	ReloadAssembly (2310ms)
		BeginReloadAssembly (302ms)
			ExecutionOrderSort (0ms)
			DisableScriptedObjects (8ms)
			BackupInstance (0ms)
			ReleaseScriptingObjects (0ms)
			CreateAndSetChildDomain (71ms)
		EndReloadAssembly (1749ms)
			LoadAssemblies (238ms)
			RebuildTransferFunctionScriptingTraits (0ms)
			SetupTypeCache (591ms)
			ReleaseScriptCaches (2ms)
			RebuildScriptCaches (86ms)
			SetupLoadedEditorAssemblies (743ms)
				LogAssemblyErrors (0ms)
				InitializePlatformSupportModulesInManaged (58ms)
				SetLoadedEditorAssemblies (1ms)
				RefreshPlugins (1ms)
				BeforeProcessingInitializeOnLoad (156ms)
				ProcessInitializeOnLoadAttributes (424ms)
				ProcessInitializeOnLoadMethodAttributes (61ms)
				AfterProcessingInitializeOnLoad (42ms)
				EditorAssembliesLoaded (0ms)
			ExecutionOrderSort2 (0ms)
			AwakeInstancesAfterBackupRestoration (12ms)
Platform modules already initialized, skipping
Refreshing native plugins compatible for Editor in 6.91 ms, found 3 plugins.
Preloading 0 native plugins for Editor in 0.00 ms.
Unloading 3380 Unused Serialized files (Serialized files now loaded: 0)
Unloading 21 unused Assets / (79.6 KB). Loaded Objects now: 3875.
Memory consumption went from 122.2 MB to 122.1 MB.
Total: 6.009900 ms (FindLiveObjects: 0.612400 ms CreateObjectMapping: 0.517300 ms MarkObjects: 4.745500 ms  DeleteObjects: 0.132700 ms)

AssetImportParameters requested are different than current active one (requested -> active):
  custom:video-decoder-ogg-theora: a1e56fd34408186e4bbccfd4996cb3dc -> 
  custom:container-muxer-webm: aa71ff27fc2769a1b78a27578f13a17b -> 
  custom:container-demuxer-webm: 4f35f7cbe854078d1ac9338744f61a02 -> 
  custom:video-encoder-webm-vp8: eb34c28f22e8b96e1ab97ce403110664 -> 
  custom:audio-encoder-webm-vorbis: bf7c407c2cedff20999df2af8eb42d56 -> 
  custom:framework-win-MediaFoundation: 216162199b28c13a410421893ffa2e32 -> 
  custom:container-demuxer-ogg: 62fdf1f143b41e24485cea50d1cbac27 -> 
  custom:video-decoder-webm-vp8: 9c59270c3fd7afecdb556c50c9e8de78 -> 
  custom:audio-decoder-ogg-vorbis: bf7c407c2cedff20999df2af8eb42d56 -> 
========================================================================
Received Import Request.
  Time since last request: 30.589658 seconds.
  path: Assets/Arts/DevelopedByErkanYaprakTakeoverGameIcon.png
  artifactKey: Guid(4f483239a9073094b948981ea7e107a6) Importer(815301076,1909f56bfc062723c751e8b465ee728b)
Start importing Assets/Arts/DevelopedByErkanYaprakTakeoverGameIcon.png using Guid(4f483239a9073094b948981ea7e107a6) Importer(815301076,1909f56bfc062723c751e8b465ee728b)  -> (artifact id: '438f3b17674e03c2fe0ca6ecd6f27a31') in 0.140778 seconds 
========================================================================
Received Import Request.
  Time since last request: 28.953698 seconds.
  path: Assets/Arts/TowerTakeoverLogo.png
  artifactKey: Guid(2c8e2c22faa5ce042b7ffea2f632538b) Importer(815301076,1909f56bfc062723c751e8b465ee728b)
Start importing Assets/Arts/TowerTakeoverLogo.png using Guid(2c8e2c22faa5ce042b7ffea2f632538b) Importer(815301076,1909f56bfc062723c751e8b465ee728b)  -> (artifact id: 'd8f26aa8501cc8cc1a4face488aca894') in 0.028006 seconds 
========================================================================
Received Import Request.
  Time since last request: 7.401866 seconds.
  path: Assets/Arts/LeafSplash_2.png
  artifactKey: Guid(f9b3954ec964d554f9499064ca400e00) Importer(815301076,1909f56bfc062723c751e8b465ee728b)
Start importing Assets/Arts/LeafSplash_2.png using Guid(f9b3954ec964d554f9499064ca400e00) Importer(815301076,1909f56bfc062723c751e8b465ee728b)  -> (artifact id: 'da416cf2e211e6da1d38957408f9d277') in 0.064687 seconds 
========================================================================
Received Import Request.
  Time since last request: 16.654857 seconds.
  path: Assets/Arts/DevelopedByErkanYaprakTakeoverGameIcon.png
  artifactKey: Guid(4f483239a9073094b948981ea7e107a6) Importer(815301076,1909f56bfc062723c751e8b465ee728b)
Start importing Assets/Arts/DevelopedByErkanYaprakTakeoverGameIcon.png using Guid(4f483239a9073094b948981ea7e107a6) Importer(815301076,1909f56bfc062723c751e8b465ee728b)  -> (artifact id: '5bf6e33ac5ab9422ebf958cc6af40bc4') in 0.122190 seconds 
========================================================================
Received Import Request.
  Time since last request: 0.000230 seconds.
  path: Assets/Arts/LeafSplash_2.png
  artifactKey: Guid(f9b3954ec964d554f9499064ca400e00) Importer(815301076,1909f56bfc062723c751e8b465ee728b)
Start importing Assets/Arts/LeafSplash_2.png using Guid(f9b3954ec964d554f9499064ca400e00) Importer(815301076,1909f56bfc062723c751e8b465ee728b)  -> (artifact id: 'e9a145757a8d03fb96c5dca8926d2b2a') in 0.054977 seconds 
========================================================================
Received Import Request.
  Time since last request: 8.305119 seconds.
  path: Assets/Arts/DevelopedByErkanYaprakTakeoverGameIcon.png
  artifactKey: Guid(4f483239a9073094b948981ea7e107a6) Importer(815301076,1909f56bfc062723c751e8b465ee728b)
Start importing Assets/Arts/DevelopedByErkanYaprakTakeoverGameIcon.png using Guid(4f483239a9073094b948981ea7e107a6) Importer(815301076,1909f56bfc062723c751e8b465ee728b)  -> (artifact id: 'f366ea936a1e967f04cd6da9095944ba') in 0.140256 seconds 
========================================================================
Received Import Request.
  Time since last request: 0.000027 seconds.
  path: Assets/Arts/TowerTakeoverLogo.png
  artifactKey: Guid(2c8e2c22faa5ce042b7ffea2f632538b) Importer(815301076,1909f56bfc062723c751e8b465ee728b)
Start importing Assets/Arts/TowerTakeoverLogo.png using Guid(2c8e2c22faa5ce042b7ffea2f632538b) Importer(815301076,1909f56bfc062723c751e8b465ee728b)  -> (artifact id: 'c3e6cd477378ee7e69dc3e1a67d7e7e3') in 0.078165 seconds 
========================================================================
Received Import Request.
  Time since last request: 0.000048 seconds.
  path: Assets/Arts/LeafSplash_2.png
  artifactKey: Guid(f9b3954ec964d554f9499064ca400e00) Importer(815301076,1909f56bfc062723c751e8b465ee728b)
Start importing Assets/Arts/LeafSplash_2.png using Guid(f9b3954ec964d554f9499064ca400e00) Importer(815301076,1909f56bfc062723c751e8b465ee728b)  -> (artifact id: 'df02e86118dad419b90434f9693a72c4') in 0.069764 seconds 
========================================================================
Received Import Request.
  Time since last request: 102.314119 seconds.
  path: Assets/Scenes/Level - 1.unity
  artifactKey: Guid(d4c60e5f07f7168488532a7a6b0e9e69) Importer(815301076,1909f56bfc062723c751e8b465ee728b)
Start importing Assets/Scenes/Level - 1.unity using Guid(d4c60e5f07f7168488532a7a6b0e9e69) Importer(815301076,1909f56bfc062723c751e8b465ee728b)  -> (artifact id: 'fd37285010fd4c072c904f9207c2d64a') in 0.004450 seconds 
========================================================================
Received Import Request.
  Time since last request: 28.594824 seconds.
  path: Assets/Scenes/Level - 1.unity
  artifactKey: Guid(d4c60e5f07f7168488532a7a6b0e9e69) Importer(815301076,1909f56bfc062723c751e8b465ee728b)
Start importing Assets/Scenes/Level - 1.unity using Guid(d4c60e5f07f7168488532a7a6b0e9e69) Importer(815301076,1909f56bfc062723c751e8b465ee728b)  -> (artifact id: 'f65eff2c454a6d18882ff0c9496d3de8') in 0.003691 seconds 
========================================================================
Received Import Request.
  Time since last request: 65.620968 seconds.
  path: Assets/TextMesh Pro/Sprites/EmojiOne.png
  artifactKey: Guid(dffef66376be4fa480fb02b19edbe903) Importer(815301076,1909f56bfc062723c751e8b465ee728b)
Start importing Assets/TextMesh Pro/Sprites/EmojiOne.png using Guid(dffef66376be4fa480fb02b19edbe903) Importer(815301076,1909f56bfc062723c751e8b465ee728b)  -> (artifact id: '3fa7e35e7708e32617ab4555a5c07f27') in 0.017056 seconds 
========================================================================
Received Import Request.
  Time since last request: 77.887391 seconds.
  path: Assets/SFX/138490__justinvoke__powerdown-2.wav
  artifactKey: Guid(f8b7f5add966c0243ad92198986cea68) Importer(815301076,1909f56bfc062723c751e8b465ee728b)
Start importing Assets/SFX/138490__justinvoke__powerdown-2.wav using Guid(f8b7f5add966c0243ad92198986cea68) Importer(815301076,1909f56bfc062723c751e8b465ee728b)  -> (artifact id: '11514a0a83bbfa8bbf09a615c27349cc') in 0.093137 seconds 
========================================================================
Received Import Request.
  Time since last request: 0.000027 seconds.
  path: Assets/SFX/364929__jofae__game-die.mp3
  artifactKey: Guid(047edbb692b1e0b4597537ae632e3591) Importer(815301076,1909f56bfc062723c751e8b465ee728b)
Start importing Assets/SFX/364929__jofae__game-die.mp3 using Guid(047edbb692b1e0b4597537ae632e3591) Importer(815301076,1909f56bfc062723c751e8b465ee728b)  -> (artifact id: '454d5974a61441c2ebd65ffb56db1acd') in 0.018952 seconds 
========================================================================
Received Import Request.
  Time since last request: 10.879682 seconds.
  path: Assets/SFX/Opposite_1.wav
  artifactKey: Guid(f8b7f5add966c0243ad92198986cea68) Importer(815301076,1909f56bfc062723c751e8b465ee728b)
Start importing Assets/SFX/Opposite_1.wav using Guid(f8b7f5add966c0243ad92198986cea68) Importer(815301076,1909f56bfc062723c751e8b465ee728b)  -> (artifact id: '3048390dc8625af60cae44e2ca6d0a87') in 0.018008 seconds 
========================================================================
Received Import Request.
  Time since last request: 4.346174 seconds.
  path: Assets/SFX/Allied_1.wav
  artifactKey: Guid(add799fededb0244facf49fe36c29372) Importer(815301076,1909f56bfc062723c751e8b465ee728b)
Start importing Assets/SFX/Allied_1.wav using Guid(add799fededb0244facf49fe36c29372) Importer(815301076,1909f56bfc062723c751e8b465ee728b)  -> (artifact id: 'fc4441c59a855dfecd8d40aa3fc42cbb') in 0.025259 seconds 
========================================================================
Received Import Request.
  Time since last request: 4.909617 seconds.
  path: Assets/SFX/Opposite_2.wav
  artifactKey: Guid(ad9b33532eb47264ca9803ebd9bc253a) Importer(815301076,1909f56bfc062723c751e8b465ee728b)
Start importing Assets/SFX/Opposite_2.wav using Guid(ad9b33532eb47264ca9803ebd9bc253a) Importer(815301076,1909f56bfc062723c751e8b465ee728b)  -> (artifact id: 'd90c209835ee3c98026522c3b2a9d9e9') in 0.029960 seconds 
========================================================================
Received Import Request.
  Time since last request: 4.727363 seconds.
  path: Assets/SFX/Opposite_3.mp3
  artifactKey: Guid(047edbb692b1e0b4597537ae632e3591) Importer(815301076,1909f56bfc062723c751e8b465ee728b)
Start importing Assets/SFX/Opposite_3.mp3 using Guid(047edbb692b1e0b4597537ae632e3591) Importer(815301076,1909f56bfc062723c751e8b465ee728b)  -> (artifact id: '013d70d3e687db770c695dc953a7eabe') in 0.021411 seconds 
========================================================================
Received Import Request.
  Time since last request: 4.485134 seconds.
  path: Assets/SFX/Allied_2.wav
  artifactKey: Guid(db0471932eb3550408f8d4b5850d9f60) Importer(815301076,1909f56bfc062723c751e8b465ee728b)
Start importing Assets/SFX/Allied_2.wav using Guid(db0471932eb3550408f8d4b5850d9f60) Importer(815301076,1909f56bfc062723c751e8b465ee728b)  -> (artifact id: '1ce45dca3a8e5ce7e18959bb810a6d8d') in 0.026048 seconds 
========================================================================
Received Import Request.
  Time since last request: 14.369462 seconds.
  path: Assets/Prefabs/Tower/AlliedTower.prefab
  artifactKey: Guid(6ba58a1d188d6534a85696b6438db9ec) Importer(815301076,1909f56bfc062723c751e8b465ee728b)
Start importing Assets/Prefabs/Tower/AlliedTower.prefab using Guid(6ba58a1d188d6534a85696b6438db9ec) Importer(815301076,1909f56bfc062723c751e8b465ee728b)  -> (artifact id: '98c1159bb31528d6f955a7d28395dc81') in 0.142181 seconds 
========================================================================
Received Import Request.
  Time since last request: 4.414148 seconds.
  path: Assets/Prefabs/Tower/AlliedTower.prefab
  artifactKey: Guid(6ba58a1d188d6534a85696b6438db9ec) Importer(815301076,1909f56bfc062723c751e8b465ee728b)
Start importing Assets/Prefabs/Tower/AlliedTower.prefab using Guid(6ba58a1d188d6534a85696b6438db9ec) Importer(815301076,1909f56bfc062723c751e8b465ee728b)  -> (artifact id: 'cca40ebea075ae119c63d29957f99453') in 0.066586 seconds 
========================================================================
Received Import Request.
  Time since last request: 2.346392 seconds.
  path: Assets/Prefabs/Tower/AlliedTower.prefab
  artifactKey: Guid(6ba58a1d188d6534a85696b6438db9ec) Importer(815301076,1909f56bfc062723c751e8b465ee728b)
Start importing Assets/Prefabs/Tower/AlliedTower.prefab using Guid(6ba58a1d188d6534a85696b6438db9ec) Importer(815301076,1909f56bfc062723c751e8b465ee728b)  -> (artifact id: 'd968a41b6ec7b9128fef8c5c7deb5455') in 0.064556 seconds 
========================================================================
Received Import Request.
  Time since last request: 0.743183 seconds.
  path: Assets/Prefabs/Tower/AlliedTower.prefab
  artifactKey: Guid(6ba58a1d188d6534a85696b6438db9ec) Importer(815301076,1909f56bfc062723c751e8b465ee728b)
Start importing Assets/Prefabs/Tower/AlliedTower.prefab using Guid(6ba58a1d188d6534a85696b6438db9ec) Importer(815301076,1909f56bfc062723c751e8b465ee728b)  -> (artifact id: '1bcbcdf5ecf659b22e993902163ba89d') in 0.063193 seconds 
========================================================================
Received Import Request.
  Time since last request: 0.753633 seconds.
  path: Assets/Prefabs/Tower/AlliedTower.prefab
  artifactKey: Guid(6ba58a1d188d6534a85696b6438db9ec) Importer(815301076,1909f56bfc062723c751e8b465ee728b)
Start importing Assets/Prefabs/Tower/AlliedTower.prefab using Guid(6ba58a1d188d6534a85696b6438db9ec) Importer(815301076,1909f56bfc062723c751e8b465ee728b)  -> (artifact id: '32506dbf9ed0c3577521f09fb8c5602f') in 0.059225 seconds 
========================================================================
Received Import Request.
  Time since last request: 9.241784 seconds.
  path: Assets/Prefabs/Tower/NeutralTower.prefab
  artifactKey: Guid(6c6d7c2e77f67d441a544d25af6988d9) Importer(815301076,1909f56bfc062723c751e8b465ee728b)
Start importing Assets/Prefabs/Tower/NeutralTower.prefab using Guid(6c6d7c2e77f67d441a544d25af6988d9) Importer(815301076,1909f56bfc062723c751e8b465ee728b)  -> (artifact id: 'a4043e08113f0bd280daabc7ab406088') in 0.061095 seconds 
========================================================================
Received Import Request.
  Time since last request: 2.444171 seconds.
  path: Assets/Prefabs/Tower/OppositeTower.prefab
  artifactKey: Guid(1968d49d2b71a0342b191f5dfe5bc654) Importer(815301076,1909f56bfc062723c751e8b465ee728b)
Start importing Assets/Prefabs/Tower/OppositeTower.prefab using Guid(1968d49d2b71a0342b191f5dfe5bc654) Importer(815301076,1909f56bfc062723c751e8b465ee728b)  -> (artifact id: 'd40a9059263a7de935d74b25004261d3') in 0.058966 seconds 
========================================================================
Received Import Request.
  Time since last request: 1.540830 seconds.
  path: Assets/Prefabs/Tower/OppositeTower.prefab
  artifactKey: Guid(1968d49d2b71a0342b191f5dfe5bc654) Importer(815301076,1909f56bfc062723c751e8b465ee728b)
Start importing Assets/Prefabs/Tower/OppositeTower.prefab using Guid(1968d49d2b71a0342b191f5dfe5bc654) Importer(815301076,1909f56bfc062723c751e8b465ee728b)  -> (artifact id: '2cb527e4f3359de4558044d9c6efce83') in 0.061892 seconds 
========================================================================
Received Import Request.
  Time since last request: 5.251537 seconds.
  path: Assets/Prefabs/Tower/NeutralTower.prefab
  artifactKey: Guid(6c6d7c2e77f67d441a544d25af6988d9) Importer(815301076,1909f56bfc062723c751e8b465ee728b)
Start importing Assets/Prefabs/Tower/NeutralTower.prefab using Guid(6c6d7c2e77f67d441a544d25af6988d9) Importer(815301076,1909f56bfc062723c751e8b465ee728b)  -> (artifact id: '72cbe8427d3e269c103db5e28054d95e') in 0.061822 seconds 
========================================================================
Received Prepare
Registering precompiled user dll's ...
Registered in 0.021295 seconds.
Begin MonoManager ReloadAssembly
Symbol file LoadedFromMemory doesn't match image D:\GitHub\TakeoverGame\TakeoverGame\Library\PackageCache\com.unity.visualscripting@1.7.8\Editor\VisualScripting.Core\Dependencies\YamlDotNet\Unity.VisualScripting.YamlDotNet.dll
Symbol file LoadedFromMemory doesn't match image D:\GitHub\TakeoverGame\TakeoverGame\Library\PackageCache\com.unity.visualscripting@1.7.8\Editor\VisualScripting.Core\Dependencies\DotNetZip\Unity.VisualScripting.IonicZip.dll
Native extension for WindowsStandalone target not found
Native extension for Android target not found
Native extension for WebGL target not found
Refreshing native plugins compatible for Editor in 0.86 ms, found 3 plugins.
Preloading 0 native plugins for Editor in 0.00 ms.
Mono: successfully reloaded assembly
- Completed reload, in  2.300 seconds
Domain Reload Profiling:
	ReloadAssembly (2302ms)
		BeginReloadAssembly (296ms)
			ExecutionOrderSort (0ms)
			DisableScriptedObjects (11ms)
			BackupInstance (0ms)
			ReleaseScriptingObjects (0ms)
			CreateAndSetChildDomain (68ms)
		EndReloadAssembly (1777ms)
			LoadAssemblies (208ms)
			RebuildTransferFunctionScriptingTraits (0ms)
			SetupTypeCache (588ms)
			ReleaseScriptCaches (2ms)
			RebuildScriptCaches (84ms)
			SetupLoadedEditorAssemblies (779ms)
				LogAssemblyErrors (0ms)
				InitializePlatformSupportModulesInManaged (61ms)
				SetLoadedEditorAssemblies (1ms)
				RefreshPlugins (1ms)
				BeforeProcessingInitializeOnLoad (165ms)
				ProcessInitializeOnLoadAttributes (438ms)
				ProcessInitializeOnLoadMethodAttributes (65ms)
				AfterProcessingInitializeOnLoad (48ms)
				EditorAssembliesLoaded (0ms)
			ExecutionOrderSort2 (0ms)
			AwakeInstancesAfterBackupRestoration (14ms)
Platform modules already initialized, skipping
Refreshing native plugins compatible for Editor in 5.79 ms, found 3 plugins.
Preloading 0 native plugins for Editor in 0.00 ms.
Unloading 3380 Unused Serialized files (Serialized files now loaded: 0)
Unloading 21 unused Assets / (79.7 KB). Loaded Objects now: 3890.
Memory consumption went from 122.4 MB to 122.3 MB.
Total: 6.649000 ms (FindLiveObjects: 0.452800 ms CreateObjectMapping: 0.335400 ms MarkObjects: 5.733000 ms  DeleteObjects: 0.126400 ms)

AssetImportParameters requested are different than current active one (requested -> active):
  custom:video-decoder-ogg-theora: a1e56fd34408186e4bbccfd4996cb3dc -> 
  custom:container-muxer-webm: aa71ff27fc2769a1b78a27578f13a17b -> 
  custom:container-demuxer-webm: 4f35f7cbe854078d1ac9338744f61a02 -> 
  custom:video-encoder-webm-vp8: eb34c28f22e8b96e1ab97ce403110664 -> 
  custom:audio-encoder-webm-vorbis: bf7c407c2cedff20999df2af8eb42d56 -> 
  custom:framework-win-MediaFoundation: 216162199b28c13a410421893ffa2e32 -> 
  custom:container-demuxer-ogg: 62fdf1f143b41e24485cea50d1cbac27 -> 
  custom:video-decoder-webm-vp8: 9c59270c3fd7afecdb556c50c9e8de78 -> 
  custom:audio-decoder-ogg-vorbis: bf7c407c2cedff20999df2af8eb42d56 -> 
========================================================================
Received Prepare
Registering precompiled user dll's ...
Registered in 0.021937 seconds.
Begin MonoManager ReloadAssembly
Symbol file LoadedFromMemory doesn't match image D:\GitHub\TakeoverGame\TakeoverGame\Library\PackageCache\com.unity.visualscripting@1.7.8\Editor\VisualScripting.Core\Dependencies\YamlDotNet\Unity.VisualScripting.YamlDotNet.dll
Symbol file LoadedFromMemory doesn't match image D:\GitHub\TakeoverGame\TakeoverGame\Library\PackageCache\com.unity.visualscripting@1.7.8\Editor\VisualScripting.Core\Dependencies\DotNetZip\Unity.VisualScripting.IonicZip.dll
Native extension for WindowsStandalone target not found
Native extension for Android target not found
Native extension for WebGL target not found
Refreshing native plugins compatible for Editor in 1.01 ms, found 3 plugins.
Preloading 0 native plugins for Editor in 0.00 ms.
Mono: successfully reloaded assembly
- Completed reload, in  2.213 seconds
Domain Reload Profiling:
	ReloadAssembly (2214ms)
		BeginReloadAssembly (270ms)
			ExecutionOrderSort (0ms)
			DisableScriptedObjects (10ms)
			BackupInstance (0ms)
			ReleaseScriptingObjects (0ms)
			CreateAndSetChildDomain (60ms)
		EndReloadAssembly (1720ms)
			LoadAssemblies (213ms)
			RebuildTransferFunctionScriptingTraits (0ms)
			SetupTypeCache (560ms)
			ReleaseScriptCaches (2ms)
			RebuildScriptCaches (90ms)
			SetupLoadedEditorAssemblies (747ms)
				LogAssemblyErrors (0ms)
				InitializePlatformSupportModulesInManaged (54ms)
				SetLoadedEditorAssemblies (1ms)
				RefreshPlugins (1ms)
				BeforeProcessingInitializeOnLoad (157ms)
				ProcessInitializeOnLoadAttributes (426ms)
				ProcessInitializeOnLoadMethodAttributes (64ms)
				AfterProcessingInitializeOnLoad (44ms)
				EditorAssembliesLoaded (0ms)
			ExecutionOrderSort2 (0ms)
			AwakeInstancesAfterBackupRestoration (14ms)
Platform modules already initialized, skipping
Refreshing native plugins compatible for Editor in 5.79 ms, found 3 plugins.
Preloading 0 native plugins for Editor in 0.00 ms.
Unloading 3380 Unused Serialized files (Serialized files now loaded: 0)
Unloading 20 unused Assets / (79.0 KB). Loaded Objects now: 3893.
Memory consumption went from 122.4 MB to 122.3 MB.
Total: 5.716800 ms (FindLiveObjects: 0.391500 ms CreateObjectMapping: 0.208700 ms MarkObjects: 4.938500 ms  DeleteObjects: 0.176600 ms)

AssetImportParameters requested are different than current active one (requested -> active):
  custom:video-decoder-ogg-theora: a1e56fd34408186e4bbccfd4996cb3dc -> 
  custom:container-muxer-webm: aa71ff27fc2769a1b78a27578f13a17b -> 
  custom:container-demuxer-webm: 4f35f7cbe854078d1ac9338744f61a02 -> 
  custom:video-encoder-webm-vp8: eb34c28f22e8b96e1ab97ce403110664 -> 
  custom:audio-encoder-webm-vorbis: bf7c407c2cedff20999df2af8eb42d56 -> 
  custom:framework-win-MediaFoundation: 216162199b28c13a410421893ffa2e32 -> 
  custom:container-demuxer-ogg: 62fdf1f143b41e24485cea50d1cbac27 -> 
  custom:video-decoder-webm-vp8: 9c59270c3fd7afecdb556c50c9e8de78 -> 
  custom:audio-decoder-ogg-vorbis: bf7c407c2cedff20999df2af8eb42d56 -> 
========================================================================
Received Prepare
Registering precompiled user dll's ...
Registered in 0.022122 seconds.
Begin MonoManager ReloadAssembly
Symbol file LoadedFromMemory doesn't match image D:\GitHub\TakeoverGame\TakeoverGame\Library\PackageCache\com.unity.visualscripting@1.7.8\Editor\VisualScripting.Core\Dependencies\YamlDotNet\Unity.VisualScripting.YamlDotNet.dll
Symbol file LoadedFromMemory doesn't match image D:\GitHub\TakeoverGame\TakeoverGame\Library\PackageCache\com.unity.visualscripting@1.7.8\Editor\VisualScripting.Core\Dependencies\DotNetZip\Unity.VisualScripting.IonicZip.dll
Native extension for WindowsStandalone target not found
Native extension for Android target not found
Native extension for WebGL target not found
Refreshing native plugins compatible for Editor in 1.01 ms, found 3 plugins.
Preloading 0 native plugins for Editor in 0.00 ms.
Mono: successfully reloaded assembly
- Completed reload, in  2.221 seconds
Domain Reload Profiling:
	ReloadAssembly (2222ms)
		BeginReloadAssembly (266ms)
			ExecutionOrderSort (0ms)
			DisableScriptedObjects (9ms)
			BackupInstance (0ms)
			ReleaseScriptingObjects (0ms)
			CreateAndSetChildDomain (56ms)
		EndReloadAssembly (1720ms)
			LoadAssemblies (210ms)
			RebuildTransferFunctionScriptingTraits (0ms)
			SetupTypeCache (573ms)
			ReleaseScriptCaches (2ms)
			RebuildScriptCaches (80ms)
			SetupLoadedEditorAssemblies (735ms)
				LogAssemblyErrors (0ms)
				InitializePlatformSupportModulesInManaged (57ms)
				SetLoadedEditorAssemblies (1ms)
				RefreshPlugins (1ms)
				BeforeProcessingInitializeOnLoad (153ms)
				ProcessInitializeOnLoadAttributes (412ms)
				ProcessInitializeOnLoadMethodAttributes (61ms)
				AfterProcessingInitializeOnLoad (49ms)
				EditorAssembliesLoaded (0ms)
			ExecutionOrderSort2 (0ms)
			AwakeInstancesAfterBackupRestoration (15ms)
Platform modules already initialized, skipping
Refreshing native plugins compatible for Editor in 5.05 ms, found 3 plugins.
Preloading 0 native plugins for Editor in 0.00 ms.
Unloading 3380 Unused Serialized files (Serialized files now loaded: 0)
Unloading 20 unused Assets / (79.0 KB). Loaded Objects now: 3896.
Memory consumption went from 122.4 MB to 122.3 MB.
Total: 7.065400 ms (FindLiveObjects: 0.453600 ms CreateObjectMapping: 0.340900 ms MarkObjects: 6.137000 ms  DeleteObjects: 0.133000 ms)

AssetImportParameters requested are different than current active one (requested -> active):
  custom:video-decoder-ogg-theora: a1e56fd34408186e4bbccfd4996cb3dc -> 
  custom:container-muxer-webm: aa71ff27fc2769a1b78a27578f13a17b -> 
  custom:container-demuxer-webm: 4f35f7cbe854078d1ac9338744f61a02 -> 
  custom:video-encoder-webm-vp8: eb34c28f22e8b96e1ab97ce403110664 -> 
  custom:audio-encoder-webm-vorbis: bf7c407c2cedff20999df2af8eb42d56 -> 
  custom:framework-win-MediaFoundation: 216162199b28c13a410421893ffa2e32 -> 
  custom:container-demuxer-ogg: 62fdf1f143b41e24485cea50d1cbac27 -> 
  custom:video-decoder-webm-vp8: 9c59270c3fd7afecdb556c50c9e8de78 -> 
  custom:audio-decoder-ogg-vorbis: bf7c407c2cedff20999df2af8eb42d56 -> 
========================================================================
Received Prepare
Registering precompiled user dll's ...
Registered in 0.021313 seconds.
Begin MonoManager ReloadAssembly
Symbol file LoadedFromMemory doesn't match image D:\GitHub\TakeoverGame\TakeoverGame\Library\PackageCache\com.unity.visualscripting@1.7.8\Editor\VisualScripting.Core\Dependencies\YamlDotNet\Unity.VisualScripting.YamlDotNet.dll
Symbol file LoadedFromMemory doesn't match image D:\GitHub\TakeoverGame\TakeoverGame\Library\PackageCache\com.unity.visualscripting@1.7.8\Editor\VisualScripting.Core\Dependencies\DotNetZip\Unity.VisualScripting.IonicZip.dll
Native extension for WindowsStandalone target not found
Native extension for Android target not found
Native extension for WebGL target not found
Refreshing native plugins compatible for Editor in 1.17 ms, found 3 plugins.
Preloading 0 native plugins for Editor in 0.00 ms.
Mono: successfully reloaded assembly
- Completed reload, in  2.257 seconds
Domain Reload Profiling:
	ReloadAssembly (2258ms)
		BeginReloadAssembly (288ms)
			ExecutionOrderSort (0ms)
			DisableScriptedObjects (10ms)
			BackupInstance (0ms)
			ReleaseScriptingObjects (0ms)
			CreateAndSetChildDomain (71ms)
		EndReloadAssembly (1740ms)
			LoadAssemblies (226ms)
			RebuildTransferFunctionScriptingTraits (0ms)
			SetupTypeCache (568ms)
			ReleaseScriptCaches (3ms)
			RebuildScriptCaches (86ms)
			SetupLoadedEditorAssemblies (760ms)
				LogAssemblyErrors (0ms)
				InitializePlatformSupportModulesInManaged (55ms)
				SetLoadedEditorAssemblies (1ms)
				RefreshPlugins (1ms)
				BeforeProcessingInitializeOnLoad (162ms)
				ProcessInitializeOnLoadAttributes (430ms)
				ProcessInitializeOnLoadMethodAttributes (64ms)
				AfterProcessingInitializeOnLoad (46ms)
				EditorAssembliesLoaded (0ms)
			ExecutionOrderSort2 (0ms)
			AwakeInstancesAfterBackupRestoration (13ms)
Platform modules already initialized, skipping
Refreshing native plugins compatible for Editor in 6.60 ms, found 3 plugins.
Preloading 0 native plugins for Editor in 0.00 ms.
Unloading 3380 Unused Serialized files (Serialized files now loaded: 0)
Unloading 20 unused Assets / (79.0 KB). Loaded Objects now: 3899.
Memory consumption went from 122.4 MB to 122.3 MB.
Total: 7.056800 ms (FindLiveObjects: 0.479500 ms CreateObjectMapping: 0.308700 ms MarkObjects: 6.101300 ms  DeleteObjects: 0.165700 ms)

AssetImportParameters requested are different than current active one (requested -> active):
  custom:video-decoder-ogg-theora: a1e56fd34408186e4bbccfd4996cb3dc -> 
  custom:container-muxer-webm: aa71ff27fc2769a1b78a27578f13a17b -> 
  custom:container-demuxer-webm: 4f35f7cbe854078d1ac9338744f61a02 -> 
  custom:video-encoder-webm-vp8: eb34c28f22e8b96e1ab97ce403110664 -> 
  custom:audio-encoder-webm-vorbis: bf7c407c2cedff20999df2af8eb42d56 -> 
  custom:framework-win-MediaFoundation: 216162199b28c13a410421893ffa2e32 -> 
  custom:container-demuxer-ogg: 62fdf1f143b41e24485cea50d1cbac27 -> 
  custom:video-decoder-webm-vp8: 9c59270c3fd7afecdb556c50c9e8de78 -> 
  custom:audio-decoder-ogg-vorbis: bf7c407c2cedff20999df2af8eb42d56 -> 
========================================================================
Received Prepare
Registering precompiled user dll's ...
Registered in 0.021544 seconds.
Begin MonoManager ReloadAssembly
Symbol file LoadedFromMemory doesn't match image D:\GitHub\TakeoverGame\TakeoverGame\Library\PackageCache\com.unity.visualscripting@1.7.8\Editor\VisualScripting.Core\Dependencies\YamlDotNet\Unity.VisualScripting.YamlDotNet.dll
Symbol file LoadedFromMemory doesn't match image D:\GitHub\TakeoverGame\TakeoverGame\Library\PackageCache\com.unity.visualscripting@1.7.8\Editor\VisualScripting.Core\Dependencies\DotNetZip\Unity.VisualScripting.IonicZip.dll
Native extension for WindowsStandalone target not found
Native extension for Android target not found
Native extension for WebGL target not found
Refreshing native plugins compatible for Editor in 0.89 ms, found 3 plugins.
Preloading 0 native plugins for Editor in 0.00 ms.
Mono: successfully reloaded assembly
- Completed reload, in  2.198 seconds
Domain Reload Profiling:
	ReloadAssembly (2199ms)
		BeginReloadAssembly (297ms)
			ExecutionOrderSort (0ms)
			DisableScriptedObjects (9ms)
			BackupInstance (0ms)
			ReleaseScriptingObjects (0ms)
			CreateAndSetChildDomain (65ms)
		EndReloadAssembly (1661ms)
			LoadAssemblies (223ms)
			RebuildTransferFunctionScriptingTraits (0ms)
			SetupTypeCache (515ms)
			ReleaseScriptCaches (2ms)
			RebuildScriptCaches (76ms)
			SetupLoadedEditorAssemblies (770ms)
				LogAssemblyErrors (0ms)
				InitializePlatformSupportModulesInManaged (56ms)
				SetLoadedEditorAssemblies (1ms)
				RefreshPlugins (1ms)
				BeforeProcessingInitializeOnLoad (162ms)
				ProcessInitializeOnLoadAttributes (435ms)
				ProcessInitializeOnLoadMethodAttributes (67ms)
				AfterProcessingInitializeOnLoad (47ms)
				EditorAssembliesLoaded (0ms)
			ExecutionOrderSort2 (0ms)
			AwakeInstancesAfterBackupRestoration (13ms)
Platform modules already initialized, skipping
Refreshing native plugins compatible for Editor in 5.44 ms, found 3 plugins.
Preloading 0 native plugins for Editor in 0.00 ms.
Unloading 3380 Unused Serialized files (Serialized files now loaded: 0)
Unloading 20 unused Assets / (78.9 KB). Loaded Objects now: 3902.
Memory consumption went from 122.4 MB to 122.3 MB.
Total: 5.261500 ms (FindLiveObjects: 0.376500 ms CreateObjectMapping: 0.172000 ms MarkObjects: 4.345700 ms  DeleteObjects: 0.365900 ms)

AssetImportParameters requested are different than current active one (requested -> active):
  custom:video-decoder-ogg-theora: a1e56fd34408186e4bbccfd4996cb3dc -> 
  custom:container-muxer-webm: aa71ff27fc2769a1b78a27578f13a17b -> 
  custom:container-demuxer-webm: 4f35f7cbe854078d1ac9338744f61a02 -> 
  custom:video-encoder-webm-vp8: eb34c28f22e8b96e1ab97ce403110664 -> 
  custom:audio-encoder-webm-vorbis: bf7c407c2cedff20999df2af8eb42d56 -> 
  custom:framework-win-MediaFoundation: 216162199b28c13a410421893ffa2e32 -> 
  custom:container-demuxer-ogg: 62fdf1f143b41e24485cea50d1cbac27 -> 
  custom:video-decoder-webm-vp8: 9c59270c3fd7afecdb556c50c9e8de78 -> 
  custom:audio-decoder-ogg-vorbis: bf7c407c2cedff20999df2af8eb42d56 -> 
========================================================================
Received Prepare
Registering precompiled user dll's ...
Registered in 0.020781 seconds.
Begin MonoManager ReloadAssembly
Symbol file LoadedFromMemory doesn't match image D:\GitHub\TakeoverGame\TakeoverGame\Library\PackageCache\com.unity.visualscripting@1.7.8\Editor\VisualScripting.Core\Dependencies\YamlDotNet\Unity.VisualScripting.YamlDotNet.dll
Symbol file LoadedFromMemory doesn't match image D:\GitHub\TakeoverGame\TakeoverGame\Library\PackageCache\com.unity.visualscripting@1.7.8\Editor\VisualScripting.Core\Dependencies\DotNetZip\Unity.VisualScripting.IonicZip.dll
Native extension for WindowsStandalone target not found
Native extension for Android target not found
Native extension for WebGL target not found
Refreshing native plugins compatible for Editor in 0.91 ms, found 3 plugins.
Preloading 0 native plugins for Editor in 0.00 ms.
Mono: successfully reloaded assembly
- Completed reload, in  2.198 seconds
Domain Reload Profiling:
	ReloadAssembly (2199ms)
		BeginReloadAssembly (274ms)
			ExecutionOrderSort (0ms)
			DisableScriptedObjects (9ms)
			BackupInstance (0ms)
			ReleaseScriptingObjects (0ms)
			CreateAndSetChildDomain (67ms)
		EndReloadAssembly (1684ms)
			LoadAssemblies (215ms)
			RebuildTransferFunctionScriptingTraits (0ms)
			SetupTypeCache (548ms)
			ReleaseScriptCaches (2ms)
			RebuildScriptCaches (83ms)
			SetupLoadedEditorAssemblies (721ms)
				LogAssemblyErrors (0ms)
				InitializePlatformSupportModulesInManaged (51ms)
				SetLoadedEditorAssemblies (1ms)
				RefreshPlugins (1ms)
				BeforeProcessingInitializeOnLoad (159ms)
				ProcessInitializeOnLoadAttributes (407ms)
				ProcessInitializeOnLoadMethodAttributes (56ms)
				AfterProcessingInitializeOnLoad (45ms)
				EditorAssembliesLoaded (0ms)
			ExecutionOrderSort2 (0ms)
			AwakeInstancesAfterBackupRestoration (14ms)
Platform modules already initialized, skipping
Refreshing native plugins compatible for Editor in 6.80 ms, found 3 plugins.
Preloading 0 native plugins for Editor in 0.00 ms.
Unloading 3380 Unused Serialized files (Serialized files now loaded: 0)
Unloading 20 unused Assets / (78.9 KB). Loaded Objects now: 3905.
Memory consumption went from 122.4 MB to 122.3 MB.
Total: 5.802100 ms (FindLiveObjects: 0.356400 ms CreateObjectMapping: 0.192800 ms MarkObjects: 5.092100 ms  DeleteObjects: 0.159400 ms)

AssetImportParameters requested are different than current active one (requested -> active):
  custom:video-decoder-ogg-theora: a1e56fd34408186e4bbccfd4996cb3dc -> 
  custom:container-muxer-webm: aa71ff27fc2769a1b78a27578f13a17b -> 
  custom:container-demuxer-webm: 4f35f7cbe854078d1ac9338744f61a02 -> 
  custom:video-encoder-webm-vp8: eb34c28f22e8b96e1ab97ce403110664 -> 
  custom:audio-encoder-webm-vorbis: bf7c407c2cedff20999df2af8eb42d56 -> 
  custom:framework-win-MediaFoundation: 216162199b28c13a410421893ffa2e32 -> 
  custom:container-demuxer-ogg: 62fdf1f143b41e24485cea50d1cbac27 -> 
  custom:video-decoder-webm-vp8: 9c59270c3fd7afecdb556c50c9e8de78 -> 
  custom:audio-decoder-ogg-vorbis: bf7c407c2cedff20999df2af8eb42d56 -> 
========================================================================
Received Import Request.
  Time since last request: 319.229734 seconds.
  path: Assets/Scenes/Level - 1.unity
  artifactKey: Guid(d4c60e5f07f7168488532a7a6b0e9e69) Importer(815301076,1909f56bfc062723c751e8b465ee728b)
Start importing Assets/Scenes/Level - 1.unity using Guid(d4c60e5f07f7168488532a7a6b0e9e69) Importer(815301076,1909f56bfc062723c751e8b465ee728b)  -> (artifact id: '9f37552ca6385abc3c19bfa90b30d1a5') in 0.009994 seconds 
========================================================================
Received Import Request.
  Time since last request: 26.778860 seconds.
  path: Assets/Scenes/Level - 3.unity
  artifactKey: Guid(b2b37e7f3fcf80f4789e5628d47e2645) Importer(815301076,1909f56bfc062723c751e8b465ee728b)
Start importing Assets/Scenes/Level - 3.unity using Guid(b2b37e7f3fcf80f4789e5628d47e2645) Importer(815301076,1909f56bfc062723c751e8b465ee728b)  -> (artifact id: '5cb6812dd8491bc565f17cc96d76fbd6') in 0.003463 seconds 
========================================================================
Received Import Request.
  Time since last request: 53.655535 seconds.
  path: Assets/Scenes/Level - 2.unity
  artifactKey: Guid(35250e6827dd91d45bdd05aafb51b648) Importer(815301076,1909f56bfc062723c751e8b465ee728b)
Start importing Assets/Scenes/Level - 2.unity using Guid(35250e6827dd91d45bdd05aafb51b648) Importer(815301076,1909f56bfc062723c751e8b465ee728b)  -> (artifact id: '71ba2b2811626d1c64cdc89bf012fcc9') in 0.003667 seconds 
========================================================================
Received Import Request.
  Time since last request: 50.827237 seconds.
  path: Assets/Scenes/Level - 3.unity
  artifactKey: Guid(b2b37e7f3fcf80f4789e5628d47e2645) Importer(815301076,1909f56bfc062723c751e8b465ee728b)
Start importing Assets/Scenes/Level - 3.unity using Guid(b2b37e7f3fcf80f4789e5628d47e2645) Importer(815301076,1909f56bfc062723c751e8b465ee728b)  -> (artifact id: '08cdab332bbdcc34d3cc5492279d94f1') in 0.003915 seconds 
========================================================================
Received Import Request.
  Time since last request: 10.450100 seconds.
  path: Assets/Scenes/Level - 4.unity
  artifactKey: Guid(130709700bc82e54ab1490cee9841fb6) Importer(815301076,1909f56bfc062723c751e8b465ee728b)
Start importing Assets/Scenes/Level - 4.unity using Guid(130709700bc82e54ab1490cee9841fb6) Importer(815301076,1909f56bfc062723c751e8b465ee728b)  -> (artifact id: '748f1e49fbbf655a688577aabeeeb94a') in 0.003275 seconds 
========================================================================
Received Prepare
Refreshing native plugins compatible for Editor in 13.96 ms, found 3 plugins.
Preloading 0 native plugins for Editor in 0.00 ms.
Unloading 20 Unused Serialized files (Serialized files now loaded: 0)
Unloading 20 unused Assets / (76.2 KB). Loaded Objects now: 3905.
Memory consumption went from 55.2 MB to 55.1 MB.
Total: 10.973800 ms (FindLiveObjects: 0.663600 ms CreateObjectMapping: 0.246900 ms MarkObjects: 9.826900 ms  DeleteObjects: 0.234600 ms)

AssetImportParameters requested are different than current active one (requested -> active):
  custom:video-decoder-ogg-theora: a1e56fd34408186e4bbccfd4996cb3dc -> 
  custom:container-muxer-webm: aa71ff27fc2769a1b78a27578f13a17b -> 
  custom:container-demuxer-webm: 4f35f7cbe854078d1ac9338744f61a02 -> 
  custom:video-encoder-webm-vp8: eb34c28f22e8b96e1ab97ce403110664 -> 
  custom:audio-encoder-webm-vorbis: bf7c407c2cedff20999df2af8eb42d56 -> 
  custom:framework-win-MediaFoundation: 216162199b28c13a410421893ffa2e32 -> 
  custom:container-demuxer-ogg: 62fdf1f143b41e24485cea50d1cbac27 -> 
  custom:video-decoder-webm-vp8: 9c59270c3fd7afecdb556c50c9e8de78 -> 
  custom:audio-decoder-ogg-vorbis: bf7c407c2cedff20999df2af8eb42d56 -> 
========================================================================
Received Prepare
Refreshing native plugins compatible for Editor in 13.19 ms, found 3 plugins.
Preloading 0 native plugins for Editor in 0.00 ms.
Unloading 20 Unused Serialized files (Serialized files now loaded: 0)
Unloading 20 unused Assets / (76.2 KB). Loaded Objects now: 3905.
Memory consumption went from 55.2 MB to 55.1 MB.
Total: 6.021600 ms (FindLiveObjects: 0.356300 ms CreateObjectMapping: 0.171300 ms MarkObjects: 5.358200 ms  DeleteObjects: 0.134800 ms)

AssetImportParameters requested are different than current active one (requested -> active):
  custom:video-decoder-ogg-theora: a1e56fd34408186e4bbccfd4996cb3dc -> 
  custom:container-muxer-webm: aa71ff27fc2769a1b78a27578f13a17b -> 
  custom:container-demuxer-webm: 4f35f7cbe854078d1ac9338744f61a02 -> 
  custom:video-encoder-webm-vp8: eb34c28f22e8b96e1ab97ce403110664 -> 
  custom:audio-encoder-webm-vorbis: bf7c407c2cedff20999df2af8eb42d56 -> 
  custom:framework-win-MediaFoundation: 216162199b28c13a410421893ffa2e32 -> 
  custom:container-demuxer-ogg: 62fdf1f143b41e24485cea50d1cbac27 -> 
  custom:video-decoder-webm-vp8: 9c59270c3fd7afecdb556c50c9e8de78 -> 
  custom:audio-decoder-ogg-vorbis: bf7c407c2cedff20999df2af8eb42d56 -> 
========================================================================
Received Prepare
Refreshing native plugins compatible for Editor in 14.95 ms, found 3 plugins.
Preloading 0 native plugins for Editor in 0.00 ms.
Unloading 20 Unused Serialized files (Serialized files now loaded: 0)
Unloading 20 unused Assets / (76.3 KB). Loaded Objects now: 3905.
Memory consumption went from 55.2 MB to 55.1 MB.
Total: 4.058300 ms (FindLiveObjects: 0.341700 ms CreateObjectMapping: 0.168900 ms MarkObjects: 3.419900 ms  DeleteObjects: 0.126700 ms)

AssetImportParameters requested are different than current active one (requested -> active):
  custom:video-decoder-ogg-theora: a1e56fd34408186e4bbccfd4996cb3dc -> 
  custom:container-muxer-webm: aa71ff27fc2769a1b78a27578f13a17b -> 
  custom:container-demuxer-webm: 4f35f7cbe854078d1ac9338744f61a02 -> 
  custom:video-encoder-webm-vp8: eb34c28f22e8b96e1ab97ce403110664 -> 
  custom:audio-encoder-webm-vorbis: bf7c407c2cedff20999df2af8eb42d56 -> 
  custom:framework-win-MediaFoundation: 216162199b28c13a410421893ffa2e32 -> 
  custom:container-demuxer-ogg: 62fdf1f143b41e24485cea50d1cbac27 -> 
  custom:video-decoder-webm-vp8: 9c59270c3fd7afecdb556c50c9e8de78 -> 
  custom:audio-decoder-ogg-vorbis: bf7c407c2cedff20999df2af8eb42d56 -> 
========================================================================
Received Prepare
Registering precompiled user dll's ...
Registered in 0.022432 seconds.
Begin MonoManager ReloadAssembly
Symbol file LoadedFromMemory doesn't match image D:\GitHub\TakeoverGame\TakeoverGame\Library\PackageCache\com.unity.visualscripting@1.7.8\Editor\VisualScripting.Core\Dependencies\YamlDotNet\Unity.VisualScripting.YamlDotNet.dll
Symbol file LoadedFromMemory doesn't match image D:\GitHub\TakeoverGame\TakeoverGame\Library\PackageCache\com.unity.visualscripting@1.7.8\Editor\VisualScripting.Core\Dependencies\DotNetZip\Unity.VisualScripting.IonicZip.dll
Native extension for WindowsStandalone target not found
Native extension for Android target not found
Native extension for WebGL target not found
Refreshing native plugins compatible for Editor in 0.83 ms, found 3 plugins.
Preloading 0 native plugins for Editor in 0.00 ms.
Mono: successfully reloaded assembly
- Completed reload, in  1.925 seconds
Domain Reload Profiling:
	ReloadAssembly (1926ms)
		BeginReloadAssembly (323ms)
			ExecutionOrderSort (0ms)
			DisableScriptedObjects (11ms)
			BackupInstance (0ms)
			ReleaseScriptingObjects (0ms)
			CreateAndSetChildDomain (74ms)
		EndReloadAssembly (1371ms)
			LoadAssemblies (211ms)
			RebuildTransferFunctionScriptingTraits (0ms)
			SetupTypeCache (435ms)
			ReleaseScriptCaches (2ms)
			RebuildScriptCaches (67ms)
			SetupLoadedEditorAssemblies (605ms)
				LogAssemblyErrors (0ms)
				InitializePlatformSupportModulesInManaged (43ms)
				SetLoadedEditorAssemblies (1ms)
				RefreshPlugins (1ms)
				BeforeProcessingInitializeOnLoad (135ms)
				ProcessInitializeOnLoadAttributes (340ms)
				ProcessInitializeOnLoadMethodAttributes (44ms)
				AfterProcessingInitializeOnLoad (41ms)
				EditorAssembliesLoaded (0ms)
			ExecutionOrderSort2 (0ms)
			AwakeInstancesAfterBackupRestoration (10ms)
Platform modules already initialized, skipping
Refreshing native plugins compatible for Editor in 5.06 ms, found 3 plugins.
Preloading 0 native plugins for Editor in 0.00 ms.
Unloading 3380 Unused Serialized files (Serialized files now loaded: 0)
Unloading 20 unused Assets / (79.0 KB). Loaded Objects now: 3908.
Memory consumption went from 122.4 MB to 122.4 MB.
Total: 4.655100 ms (FindLiveObjects: 0.349300 ms CreateObjectMapping: 0.165800 ms MarkObjects: 4.020100 ms  DeleteObjects: 0.118600 ms)

AssetImportParameters requested are different than current active one (requested -> active):
  custom:video-decoder-ogg-theora: a1e56fd34408186e4bbccfd4996cb3dc -> 
  custom:container-muxer-webm: aa71ff27fc2769a1b78a27578f13a17b -> 
  custom:container-demuxer-webm: 4f35f7cbe854078d1ac9338744f61a02 -> 
  custom:video-encoder-webm-vp8: eb34c28f22e8b96e1ab97ce403110664 -> 
  custom:audio-encoder-webm-vorbis: bf7c407c2cedff20999df2af8eb42d56 -> 
  custom:framework-win-MediaFoundation: 216162199b28c13a410421893ffa2e32 -> 
  custom:container-demuxer-ogg: 62fdf1f143b41e24485cea50d1cbac27 -> 
  custom:video-decoder-webm-vp8: 9c59270c3fd7afecdb556c50c9e8de78 -> 
  custom:audio-decoder-ogg-vorbis: bf7c407c2cedff20999df2af8eb42d56 -> 
========================================================================
Received Import Request.
  Time since last request: 326.369267 seconds.
  path: Assets/Arts/TowerTakeoverLogo.png
  artifactKey: Guid(2c8e2c22faa5ce042b7ffea2f632538b) Importer(815301076,1909f56bfc062723c751e8b465ee728b)
Start importing Assets/Arts/TowerTakeoverLogo.png using Guid(2c8e2c22faa5ce042b7ffea2f632538b) Importer(815301076,1909f56bfc062723c751e8b465ee728b)  -> (artifact id: '9b0d2b2a359baf02f6fe0dc899f790a6') in 0.128255 seconds 
========================================================================
Received Prepare
Refreshing native plugins compatible for Editor in 12.11 ms, found 3 plugins.
Preloading 0 native plugins for Editor in 0.00 ms.
Unloading 20 Unused Serialized files (Serialized files now loaded: 0)
Unloading 20 unused Assets / (76.3 KB). Loaded Objects now: 3909.
Memory consumption went from 55.3 MB to 55.2 MB.
Total: 5.461700 ms (FindLiveObjects: 0.512900 ms CreateObjectMapping: 0.225500 ms MarkObjects: 4.574500 ms  DeleteObjects: 0.147300 ms)

AssetImportParameters requested are different than current active one (requested -> active):
  custom:video-decoder-ogg-theora: a1e56fd34408186e4bbccfd4996cb3dc -> 
  custom:container-muxer-webm: aa71ff27fc2769a1b78a27578f13a17b -> 
  custom:container-demuxer-webm: 4f35f7cbe854078d1ac9338744f61a02 -> 
  custom:video-encoder-webm-vp8: eb34c28f22e8b96e1ab97ce403110664 -> 
  custom:audio-encoder-webm-vorbis: bf7c407c2cedff20999df2af8eb42d56 -> 
  custom:framework-win-MediaFoundation: 216162199b28c13a410421893ffa2e32 -> 
  custom:container-demuxer-ogg: 62fdf1f143b41e24485cea50d1cbac27 -> 
  custom:video-decoder-webm-vp8: 9c59270c3fd7afecdb556c50c9e8de78 -> 
  custom:audio-decoder-ogg-vorbis: bf7c407c2cedff20999df2af8eb42d56 -> 
========================================================================
Received Prepare
Refreshing native plugins compatible for Editor in 12.61 ms, found 3 plugins.
Preloading 0 native plugins for Editor in 0.00 ms.
Unloading 20 Unused Serialized files (Serialized files now loaded: 0)
Unloading 20 unused Assets / (75.9 KB). Loaded Objects now: 3909.
Memory consumption went from 55.0 MB to 54.9 MB.
Total: 6.099400 ms (FindLiveObjects: 0.464500 ms CreateObjectMapping: 0.261200 ms MarkObjects: 5.230400 ms  DeleteObjects: 0.142400 ms)

AssetImportParameters requested are different than current active one (requested -> active):
  custom:video-decoder-ogg-theora: a1e56fd34408186e4bbccfd4996cb3dc -> 
  custom:container-muxer-webm: aa71ff27fc2769a1b78a27578f13a17b -> 
  custom:container-demuxer-webm: 4f35f7cbe854078d1ac9338744f61a02 -> 
  custom:video-encoder-webm-vp8: eb34c28f22e8b96e1ab97ce403110664 -> 
  custom:audio-encoder-webm-vorbis: bf7c407c2cedff20999df2af8eb42d56 -> 
  custom:framework-win-MediaFoundation: 216162199b28c13a410421893ffa2e32 -> 
  custom:container-demuxer-ogg: 62fdf1f143b41e24485cea50d1cbac27 -> 
  custom:video-decoder-webm-vp8: 9c59270c3fd7afecdb556c50c9e8de78 -> 
  custom:audio-decoder-ogg-vorbis: bf7c407c2cedff20999df2af8eb42d56 -> 
========================================================================
Received Prepare
Refreshing native plugins compatible for Editor in 13.00 ms, found 3 plugins.
Preloading 0 native plugins for Editor in 0.00 ms.
Unloading 20 Unused Serialized files (Serialized files now loaded: 0)
Unloading 20 unused Assets / (75.9 KB). Loaded Objects now: 3909.
Memory consumption went from 55.0 MB to 54.9 MB.
Total: 4.704100 ms (FindLiveObjects: 0.361000 ms CreateObjectMapping: 0.191900 ms MarkObjects: 4.016500 ms  DeleteObjects: 0.133500 ms)

AssetImportParameters requested are different than current active one (requested -> active):
  custom:video-decoder-ogg-theora: a1e56fd34408186e4bbccfd4996cb3dc -> 
  custom:container-muxer-webm: aa71ff27fc2769a1b78a27578f13a17b -> 
  custom:container-demuxer-webm: 4f35f7cbe854078d1ac9338744f61a02 -> 
  custom:video-encoder-webm-vp8: eb34c28f22e8b96e1ab97ce403110664 -> 
  custom:audio-encoder-webm-vorbis: bf7c407c2cedff20999df2af8eb42d56 -> 
  custom:framework-win-MediaFoundation: 216162199b28c13a410421893ffa2e32 -> 
  custom:container-demuxer-ogg: 62fdf1f143b41e24485cea50d1cbac27 -> 
  custom:video-decoder-webm-vp8: 9c59270c3fd7afecdb556c50c9e8de78 -> 
  custom:audio-decoder-ogg-vorbis: bf7c407c2cedff20999df2af8eb42d56 -> 
========================================================================
Received Prepare
Registering precompiled user dll's ...
Registered in 0.022590 seconds.
Begin MonoManager ReloadAssembly
Symbol file LoadedFromMemory doesn't match image D:\GitHub\TakeoverGame\TakeoverGame\Library\PackageCache\com.unity.visualscripting@1.7.8\Editor\VisualScripting.Core\Dependencies\YamlDotNet\Unity.VisualScripting.YamlDotNet.dll
Symbol file LoadedFromMemory doesn't match image D:\GitHub\TakeoverGame\TakeoverGame\Library\PackageCache\com.unity.visualscripting@1.7.8\Editor\VisualScripting.Core\Dependencies\DotNetZip\Unity.VisualScripting.IonicZip.dll
Native extension for WindowsStandalone target not found
Native extension for Android target not found
Native extension for WebGL target not found
Refreshing native plugins compatible for Editor in 0.84 ms, found 3 plugins.
Preloading 0 native plugins for Editor in 0.00 ms.
Mono: successfully reloaded assembly
- Completed reload, in  1.889 seconds
Domain Reload Profiling:
	ReloadAssembly (1891ms)
		BeginReloadAssembly (310ms)
			ExecutionOrderSort (0ms)
			DisableScriptedObjects (12ms)
			BackupInstance (0ms)
			ReleaseScriptingObjects (0ms)
			CreateAndSetChildDomain (71ms)
		EndReloadAssembly (1352ms)
			LoadAssemblies (222ms)
			RebuildTransferFunctionScriptingTraits (0ms)
			SetupTypeCache (436ms)
			ReleaseScriptCaches (2ms)
			RebuildScriptCaches (66ms)
			SetupLoadedEditorAssemblies (588ms)
				LogAssemblyErrors (0ms)
				InitializePlatformSupportModulesInManaged (43ms)
				SetLoadedEditorAssemblies (1ms)
				RefreshPlugins (1ms)
				BeforeProcessingInitializeOnLoad (131ms)
				ProcessInitializeOnLoadAttributes (333ms)
				ProcessInitializeOnLoadMethodAttributes (43ms)
				AfterProcessingInitializeOnLoad (37ms)
				EditorAssembliesLoaded (0ms)
			ExecutionOrderSort2 (0ms)
			AwakeInstancesAfterBackupRestoration (10ms)
Platform modules already initialized, skipping
Refreshing native plugins compatible for Editor in 4.69 ms, found 3 plugins.
Preloading 0 native plugins for Editor in 0.00 ms.
Unloading 3380 Unused Serialized files (Serialized files now loaded: 0)
Unloading 20 unused Assets / (78.6 KB). Loaded Objects now: 3911.
Memory consumption went from 122.2 MB to 122.1 MB.
Total: 5.545200 ms (FindLiveObjects: 1.260100 ms CreateObjectMapping: 0.169100 ms MarkObjects: 3.990200 ms  DeleteObjects: 0.124400 ms)

AssetImportParameters requested are different than current active one (requested -> active):
  custom:video-decoder-ogg-theora: a1e56fd34408186e4bbccfd4996cb3dc -> 
  custom:container-muxer-webm: aa71ff27fc2769a1b78a27578f13a17b -> 
  custom:container-demuxer-webm: 4f35f7cbe854078d1ac9338744f61a02 -> 
  custom:video-encoder-webm-vp8: eb34c28f22e8b96e1ab97ce403110664 -> 
  custom:audio-encoder-webm-vorbis: bf7c407c2cedff20999df2af8eb42d56 -> 
  custom:framework-win-MediaFoundation: 216162199b28c13a410421893ffa2e32 -> 
  custom:container-demuxer-ogg: 62fdf1f143b41e24485cea50d1cbac27 -> 
  custom:video-decoder-webm-vp8: 9c59270c3fd7afecdb556c50c9e8de78 -> 
  custom:audio-decoder-ogg-vorbis: bf7c407c2cedff20999df2af8eb42d56 -> 
========================================================================
Received Prepare
Refreshing native plugins compatible for Editor in 11.75 ms, found 3 plugins.
Preloading 0 native plugins for Editor in 0.00 ms.
Unloading 20 Unused Serialized files (Serialized files now loaded: 0)
Unloading 20 unused Assets / (76.0 KB). Loaded Objects now: 3911.
Memory consumption went from 54.9 MB to 54.9 MB.
Total: 4.502000 ms (FindLiveObjects: 0.359700 ms CreateObjectMapping: 0.168500 ms MarkObjects: 3.863000 ms  DeleteObjects: 0.109800 ms)

AssetImportParameters requested are different than current active one (requested -> active):
  custom:video-decoder-ogg-theora: a1e56fd34408186e4bbccfd4996cb3dc -> 
  custom:container-muxer-webm: aa71ff27fc2769a1b78a27578f13a17b -> 
  custom:container-demuxer-webm: 4f35f7cbe854078d1ac9338744f61a02 -> 
  custom:video-encoder-webm-vp8: eb34c28f22e8b96e1ab97ce403110664 -> 
  custom:audio-encoder-webm-vorbis: bf7c407c2cedff20999df2af8eb42d56 -> 
  custom:framework-win-MediaFoundation: 216162199b28c13a410421893ffa2e32 -> 
  custom:container-demuxer-ogg: 62fdf1f143b41e24485cea50d1cbac27 -> 
  custom:video-decoder-webm-vp8: 9c59270c3fd7afecdb556c50c9e8de78 -> 
  custom:audio-decoder-ogg-vorbis: bf7c407c2cedff20999df2af8eb42d56 -> 
========================================================================
Received Import Request.
  Time since last request: 807.598135 seconds.
  path: Assets/Arts/TowerTakeoverLogo.png
  artifactKey: Guid(2c8e2c22faa5ce042b7ffea2f632538b) Importer(815301076,1909f56bfc062723c751e8b465ee728b)
Start importing Assets/Arts/TowerTakeoverLogo.png using Guid(2c8e2c22faa5ce042b7ffea2f632538b) Importer(815301076,1909f56bfc062723c751e8b465ee728b)  -> (artifact id: 'c32c11146856c512f70464a4acdc4e50') in 0.232832 seconds 
========================================================================
Received Import Request.
  Time since last request: 8.646464 seconds.
  path: Assets/Arts/750x75.png
  artifactKey: Guid(32d5212a4aca0e3418684fc4be79ed61) Importer(815301076,1909f56bfc062723c751e8b465ee728b)
Start importing Assets/Arts/750x75.png using Guid(32d5212a4aca0e3418684fc4be79ed61) Importer(815301076,1909f56bfc062723c751e8b465ee728b)  -> (artifact id: 'ffe6da21bb022a7faa4e799abaa79cc4') in 0.034958 seconds 
========================================================================
Received Import Request.
  Time since last request: 0.000037 seconds.
  path: Assets/Arts/Triangle.png
  artifactKey: Guid(07d4633e8e060ef44ada016f612b167d) Importer(815301076,1909f56bfc062723c751e8b465ee728b)
Start importing Assets/Arts/Triangle.png using Guid(07d4633e8e060ef44ada016f612b167d) Importer(815301076,1909f56bfc062723c751e8b465ee728b)  -> (artifact id: 'c0b177d270a91bd488fd8f96600554ad') in 0.060858 seconds 
========================================================================
Received Import Request.
  Time since last request: 0.000036 seconds.
  path: Assets/Arts/communismIcon.png
  artifactKey: Guid(d644c9c7ab9ad5441bafa593f845d3ce) Importer(815301076,1909f56bfc062723c751e8b465ee728b)
Start importing Assets/Arts/communismIcon.png using Guid(d644c9c7ab9ad5441bafa593f845d3ce) Importer(815301076,1909f56bfc062723c751e8b465ee728b)  -> (artifact id: 'e8072b891f65fde58766f31faa53ff11') in 0.052813 seconds 
========================================================================
Received Import Request.
  Time since last request: 0.000035 seconds.
  path: Assets/TextMesh Pro/Sprites/EmojiOne.png
  artifactKey: Guid(dffef66376be4fa480fb02b19edbe903) Importer(815301076,1909f56bfc062723c751e8b465ee728b)
Start importing Assets/TextMesh Pro/Sprites/EmojiOne.png using Guid(dffef66376be4fa480fb02b19edbe903) Importer(815301076,1909f56bfc062723c751e8b465ee728b)  -> (artifact id: '5304956f02244d82f7cf1c6134831c3a') in 0.045946 seconds 
========================================================================
Received Import Request.
  Time since last request: 0.000040 seconds.
  path: Assets/Arts/capitalismIcon.png
  artifactKey: Guid(8b87f17b949a8054e8ea8e0c7b464f03) Importer(815301076,1909f56bfc062723c751e8b465ee728b)
Start importing Assets/Arts/capitalismIcon.png using Guid(8b87f17b949a8054e8ea8e0c7b464f03) Importer(815301076,1909f56bfc062723c751e8b465ee728b)  -> (artifact id: '21d11e6ed5f294e8f8a5b7ba364af96b') in 0.048420 seconds 
========================================================================
Received Import Request.
  Time since last request: 0.000028 seconds.
  path: Assets/Arts/GroundSprite.png
  artifactKey: Guid(28566a7f8a2dbe146b3e18daf3fd2e75) Importer(815301076,1909f56bfc062723c751e8b465ee728b)
Start importing Assets/Arts/GroundSprite.png using Guid(28566a7f8a2dbe146b3e18daf3fd2e75) Importer(815301076,1909f56bfc062723c751e8b465ee728b)  -> (artifact id: '4f4d4d022f4e86c73148c6a3584128f0') in 0.187936 seconds 
========================================================================
Received Import Request.
  Time since last request: 0.000038 seconds.
  path: Assets/Arts/StaticVinyet.png
  artifactKey: Guid(dcd1188d387e53647a75328660a8d13e) Importer(815301076,1909f56bfc062723c751e8b465ee728b)
Start importing Assets/Arts/StaticVinyet.png using Guid(dcd1188d387e53647a75328660a8d13e) Importer(815301076,1909f56bfc062723c751e8b465ee728b)  -> (artifact id: '0019e8e94c6140e6560b2726a048ca62') in 0.268484 seconds 
========================================================================
Received Import Request.
  Time since last request: 0.000039 seconds.
  path: Assets/Arts/750x250.png
  artifactKey: Guid(fa81a856c013d2243b170a522b91dbad) Importer(815301076,1909f56bfc062723c751e8b465ee728b)
Start importing Assets/Arts/750x250.png using Guid(fa81a856c013d2243b170a522b91dbad) Importer(815301076,1909f56bfc062723c751e8b465ee728b)  -> (artifact id: 'a2f49334a588317a715bba5d3028128d') in 0.045947 seconds 
========================================================================
Received Prepare
Refreshing native plugins compatible for Editor in 12.46 ms, found 3 plugins.
Preloading 0 native plugins for Editor in 0.00 ms.
Unloading 20 Unused Serialized files (Serialized files now loaded: 0)
Unloading 20 unused Assets / (75.9 KB). Loaded Objects now: 3921.
Memory consumption went from 55.1 MB to 55.0 MB.
Total: 5.533400 ms (FindLiveObjects: 0.355100 ms CreateObjectMapping: 0.294400 ms MarkObjects: 4.764500 ms  DeleteObjects: 0.118200 ms)

AssetImportParameters requested are different than current active one (requested -> active):
  custom:video-decoder-ogg-theora: a1e56fd34408186e4bbccfd4996cb3dc -> 
  custom:container-muxer-webm: aa71ff27fc2769a1b78a27578f13a17b -> 
  custom:container-demuxer-webm: 4f35f7cbe854078d1ac9338744f61a02 -> 
  custom:video-encoder-webm-vp8: eb34c28f22e8b96e1ab97ce403110664 -> 
  custom:audio-encoder-webm-vorbis: bf7c407c2cedff20999df2af8eb42d56 -> 
  custom:framework-win-MediaFoundation: 216162199b28c13a410421893ffa2e32 -> 
  custom:container-demuxer-ogg: 62fdf1f143b41e24485cea50d1cbac27 -> 
  custom:video-decoder-webm-vp8: 9c59270c3fd7afecdb556c50c9e8de78 -> 
  custom:audio-decoder-ogg-vorbis: bf7c407c2cedff20999df2af8eb42d56 -> 
========================================================================
Received Prepare
Refreshing native plugins compatible for Editor in 11.50 ms, found 3 plugins.
Preloading 0 native plugins for Editor in 0.00 ms.
Unloading 20 Unused Serialized files (Serialized files now loaded: 0)
Unloading 20 unused Assets / (75.8 KB). Loaded Objects now: 3921.
Memory consumption went from 55.1 MB to 55.0 MB.
Total: 5.520600 ms (FindLiveObjects: 0.378400 ms CreateObjectMapping: 0.165300 ms MarkObjects: 4.866600 ms  DeleteObjects: 0.109200 ms)

AssetImportParameters requested are different than current active one (requested -> active):
  custom:video-decoder-ogg-theora: a1e56fd34408186e4bbccfd4996cb3dc -> 
  custom:container-muxer-webm: aa71ff27fc2769a1b78a27578f13a17b -> 
  custom:container-demuxer-webm: 4f35f7cbe854078d1ac9338744f61a02 -> 
  custom:video-encoder-webm-vp8: eb34c28f22e8b96e1ab97ce403110664 -> 
  custom:audio-encoder-webm-vorbis: bf7c407c2cedff20999df2af8eb42d56 -> 
  custom:framework-win-MediaFoundation: 216162199b28c13a410421893ffa2e32 -> 
  custom:container-demuxer-ogg: 62fdf1f143b41e24485cea50d1cbac27 -> 
  custom:video-decoder-webm-vp8: 9c59270c3fd7afecdb556c50c9e8de78 -> 
  custom:audio-decoder-ogg-vorbis: bf7c407c2cedff20999df2af8eb42d56 -> 
